
> ticrif-backend@1.0.0 dev
> nest start --watch

[2J[3J[H[[90m2:05:11 PM[0m] Starting compilation in watch mode...

[[90m2:05:13 PM[0m] Found 0 errors. Watching for file changes.

(node:68553) [DEP0190] DeprecationWarning: Passing args to a child process with shell option true can lead to security vulnerabilities, as the arguments are not escaped, only concatenated.
(Use `node --trace-deprecation ...` to show where the warning was created)
Starting October 8, 2024, the Node SDK is entering a three-month notice period. We encourage everyone to migrate to @clerk/express. For full details, please see our changelog: https://clerk.com/changelog/2024-10-08-express-sdk
[Nest] 68593  - 11/08/2025, 2:05:14 PM     LOG [NestFactory] Starting Nest application...
[Nest] 68593  - 11/08/2025, 2:05:14 PM     LOG [InstanceLoader] AppModule dependencies initialized +8ms
[Nest] 68593  - 11/08/2025, 2:05:14 PM     LOG [InstanceLoader] MulterModule dependencies initialized +0ms
[Nest] 68593  - 11/08/2025, 2:05:14 PM     LOG [InstanceLoader] DatabaseModule dependencies initialized +19ms
[Nest] 68593  - 11/08/2025, 2:05:14 PM     LOG [InstanceLoader] StorageModule dependencies initialized +0ms
[Nest] 68593  - 11/08/2025, 2:05:14 PM     LOG [InstanceLoader] ConfigHostModule dependencies initialized +23ms
[Nest] 68593  - 11/08/2025, 2:05:14 PM     LOG [InstanceLoader] ConfigModule dependencies initialized +0ms
[Nest] 68593  - 11/08/2025, 2:05:14 PM     LOG [InstanceLoader] PaymentsModule dependencies initialized +0ms
[Nest] 68593  - 11/08/2025, 2:05:14 PM     LOG [InstanceLoader] AuthModule dependencies initialized +0ms
[Nest] 68593  - 11/08/2025, 2:05:14 PM     LOG [InstanceLoader] PromptModule dependencies initialized +0ms
[Nest] 68593  - 11/08/2025, 2:05:14 PM     LOG [InstanceLoader] AiModule dependencies initialized +0ms
[Nest] 68593  - 11/08/2025, 2:05:14 PM     LOG [RoutesResolver] AuthController {/api/auth}: +210ms
[Nest] 68593  - 11/08/2025, 2:05:14 PM     LOG [RouterExplorer] Mapped {/api/auth/me, GET} route +2ms
[Nest] 68593  - 11/08/2025, 2:05:14 PM     LOG [RoutesResolver] StripeController {/stripe}: +0ms
[Nest] 68593  - 11/08/2025, 2:05:14 PM     LOG [RouterExplorer] Mapped {/stripe/create-checkout-session, POST} route +0ms
[Nest] 68593  - 11/08/2025, 2:05:14 PM     LOG [RouterExplorer] Mapped {/stripe/create-customer-portal, POST} route +0ms
[Nest] 68593  - 11/08/2025, 2:05:14 PM     LOG [RouterExplorer] Mapped {/stripe/cancel-subscription, POST} route +0ms
[Nest] 68593  - 11/08/2025, 2:05:14 PM     LOG [RouterExplorer] Mapped {/stripe/reactivate-subscription, POST} route +0ms
[Nest] 68593  - 11/08/2025, 2:05:14 PM     LOG [RouterExplorer] Mapped {/stripe/subscription, GET} route +0ms
[Nest] 68593  - 11/08/2025, 2:05:14 PM     LOG [RouterExplorer] Mapped {/stripe/webhook, POST} route +1ms
[Nest] 68593  - 11/08/2025, 2:05:14 PM     LOG [RoutesResolver] AiController {/api/ai}: +0ms
[Nest] 68593  - 11/08/2025, 2:05:14 PM     LOG [RouterExplorer] Mapped {/api/ai/analyze, POST} route +0ms
[Nest] 68593  - 11/08/2025, 2:05:14 PM     LOG [RouterExplorer] Mapped {/api/ai/analysis/:id, GET} route +0ms
[Nest] 68593  - 11/08/2025, 2:05:14 PM     LOG [RouterExplorer] Mapped {/api/ai/analyses, GET} route +0ms
[Nest] 68593  - 11/08/2025, 2:05:14 PM     LOG [RoutesResolver] PromptController {/api/prompts}: +0ms
[Nest] 68593  - 11/08/2025, 2:05:14 PM     LOG [RouterExplorer] Mapped {/api/prompts/config, POST} route +0ms
[Nest] 68593  - 11/08/2025, 2:05:14 PM     LOG [RouterExplorer] Mapped {/api/prompts/latest, GET} route +0ms
[Nest] 68593  - 11/08/2025, 2:05:14 PM     LOG [RouterExplorer] Mapped {/api/prompts/list, GET} route +0ms
[Nest] 68593  - 11/08/2025, 2:05:14 PM     LOG [RouterExplorer] Mapped {/api/prompts/:version, GET} route +0ms
[Nest] 68593  - 11/08/2025, 2:05:14 PM     LOG [RouterExplorer] Mapped {/api/prompts/:version/activate, POST} route +0ms
[Nest] 68593  - 11/08/2025, 2:05:15 PM     LOG [NestApplication] Nest application successfully started +388ms
ðŸš€ Backend running on http://localhost:3001
[Nest] 68593  - 11/08/2025, 2:41:55 PM   ERROR [ExceptionsHandler] 
Invalid `this.prisma.user.findUnique()` invocation in
/Users/vini.mqs/Documents/tickrify_novo/apps/backend/src/modules/ai/ai.controller.ts:93:43

  90   @CurrentUser() user: { clerkUserId: string },
  91   @Query('limit') limit?: string,
  92 ) {
â†’ 93   const dbUser = await this.prisma.user.findUnique(
The column `User.plan` does not exist in the current database.
PrismaClientKnownRequestError: 
Invalid `this.prisma.user.findUnique()` invocation in
/Users/vini.mqs/Documents/tickrify_novo/apps/backend/src/modules/ai/ai.controller.ts:93:43

  90   @CurrentUser() user: { clerkUserId: string },
  91   @Query('limit') limit?: string,
  92 ) {
â†’ 93   const dbUser = await this.prisma.user.findUnique(
The column `User.plan` does not exist in the current database.
    at $n.handleRequestError (/Users/vini.mqs/Documents/tickrify_novo/node_modules/@prisma/client/runtime/library.js:121:7315)
    at $n.handleAndLogRequestError (/Users/vini.mqs/Documents/tickrify_novo/node_modules/@prisma/client/runtime/library.js:121:6623)
    at $n.request (/Users/vini.mqs/Documents/tickrify_novo/node_modules/@prisma/client/runtime/library.js:121:6307)
    at async l (/Users/vini.mqs/Documents/tickrify_novo/node_modules/@prisma/client/runtime/library.js:130:9633)
    at async AiController.listAnalyses (/Users/vini.mqs/Documents/tickrify_novo/apps/backend/src/modules/ai/ai.controller.ts:93:20)
    at async /Users/vini.mqs/Documents/tickrify_novo/node_modules/@nestjs/core/router/router-execution-context.js:46:28
    at async /Users/vini.mqs/Documents/tickrify_novo/node_modules/@nestjs/core/router/router-proxy.js:9:17
[Nest] 68593  - 11/08/2025, 2:41:55 PM   ERROR [ExceptionsHandler] 
Invalid `this.prisma.user.findUnique()` invocation in
/Users/vini.mqs/Documents/tickrify_novo/apps/backend/src/modules/ai/ai.controller.ts:93:43

  90   @CurrentUser() user: { clerkUserId: string },
  91   @Query('limit') limit?: string,
  92 ) {
â†’ 93   const dbUser = await this.prisma.user.findUnique(
The column `User.plan` does not exist in the current database.
PrismaClientKnownRequestError: 
Invalid `this.prisma.user.findUnique()` invocation in
/Users/vini.mqs/Documents/tickrify_novo/apps/backend/src/modules/ai/ai.controller.ts:93:43

  90   @CurrentUser() user: { clerkUserId: string },
  91   @Query('limit') limit?: string,
  92 ) {
â†’ 93   const dbUser = await this.prisma.user.findUnique(
The column `User.plan` does not exist in the current database.
    at $n.handleRequestError (/Users/vini.mqs/Documents/tickrify_novo/node_modules/@prisma/client/runtime/library.js:121:7315)
    at $n.handleAndLogRequestError (/Users/vini.mqs/Documents/tickrify_novo/node_modules/@prisma/client/runtime/library.js:121:6623)
    at $n.request (/Users/vini.mqs/Documents/tickrify_novo/node_modules/@prisma/client/runtime/library.js:121:6307)
    at async l (/Users/vini.mqs/Documents/tickrify_novo/node_modules/@prisma/client/runtime/library.js:130:9633)
    at async AiController.listAnalyses (/Users/vini.mqs/Documents/tickrify_novo/apps/backend/src/modules/ai/ai.controller.ts:93:20)
    at async /Users/vini.mqs/Documents/tickrify_novo/node_modules/@nestjs/core/router/router-execution-context.js:46:28
    at async /Users/vini.mqs/Documents/tickrify_novo/node_modules/@nestjs/core/router/router-proxy.js:9:17
[Nest] 68593  - 11/08/2025, 2:43:01 PM   ERROR [ExceptionsHandler] 
Invalid `this.prisma.user.findUnique()` invocation in
/Users/vini.mqs/Documents/tickrify_novo/apps/backend/src/modules/ai/ai.controller.ts:93:43

  90   @CurrentUser() user: { clerkUserId: string },
  91   @Query('limit') limit?: string,
  92 ) {
â†’ 93   const dbUser = await this.prisma.user.findUnique(
The column `User.plan` does not exist in the current database.
PrismaClientKnownRequestError: 
Invalid `this.prisma.user.findUnique()` invocation in
/Users/vini.mqs/Documents/tickrify_novo/apps/backend/src/modules/ai/ai.controller.ts:93:43

  90   @CurrentUser() user: { clerkUserId: string },
  91   @Query('limit') limit?: string,
  92 ) {
â†’ 93   const dbUser = await this.prisma.user.findUnique(
The column `User.plan` does not exist in the current database.
    at $n.handleRequestError (/Users/vini.mqs/Documents/tickrify_novo/node_modules/@prisma/client/runtime/library.js:121:7315)
    at $n.handleAndLogRequestError (/Users/vini.mqs/Documents/tickrify_novo/node_modules/@prisma/client/runtime/library.js:121:6623)
    at $n.request (/Users/vini.mqs/Documents/tickrify_novo/node_modules/@prisma/client/runtime/library.js:121:6307)
    at async l (/Users/vini.mqs/Documents/tickrify_novo/node_modules/@prisma/client/runtime/library.js:130:9633)
    at async AiController.listAnalyses (/Users/vini.mqs/Documents/tickrify_novo/apps/backend/src/modules/ai/ai.controller.ts:93:20)
    at async /Users/vini.mqs/Documents/tickrify_novo/node_modules/@nestjs/core/router/router-execution-context.js:46:28
    at async /Users/vini.mqs/Documents/tickrify_novo/node_modules/@nestjs/core/router/router-proxy.js:9:17
[Nest] 68593  - 11/08/2025, 2:43:01 PM   ERROR [ExceptionsHandler] 
Invalid `this.prisma.user.findUnique()` invocation in
/Users/vini.mqs/Documents/tickrify_novo/apps/backend/src/modules/ai/ai.controller.ts:93:43

  90   @CurrentUser() user: { clerkUserId: string },
  91   @Query('limit') limit?: string,
  92 ) {
â†’ 93   const dbUser = await this.prisma.user.findUnique(
The column `User.plan` does not exist in the current database.
PrismaClientKnownRequestError: 
Invalid `this.prisma.user.findUnique()` invocation in
/Users/vini.mqs/Documents/tickrify_novo/apps/backend/src/modules/ai/ai.controller.ts:93:43

  90   @CurrentUser() user: { clerkUserId: string },
  91   @Query('limit') limit?: string,
  92 ) {
â†’ 93   const dbUser = await this.prisma.user.findUnique(
The column `User.plan` does not exist in the current database.
    at $n.handleRequestError (/Users/vini.mqs/Documents/tickrify_novo/node_modules/@prisma/client/runtime/library.js:121:7315)
    at $n.handleAndLogRequestError (/Users/vini.mqs/Documents/tickrify_novo/node_modules/@prisma/client/runtime/library.js:121:6623)
    at $n.request (/Users/vini.mqs/Documents/tickrify_novo/node_modules/@prisma/client/runtime/library.js:121:6307)
    at async l (/Users/vini.mqs/Documents/tickrify_novo/node_modules/@prisma/client/runtime/library.js:130:9633)
    at async AiController.listAnalyses (/Users/vini.mqs/Documents/tickrify_novo/apps/backend/src/modules/ai/ai.controller.ts:93:20)
    at async /Users/vini.mqs/Documents/tickrify_novo/node_modules/@nestjs/core/router/router-execution-context.js:46:28
    at async /Users/vini.mqs/Documents/tickrify_novo/node_modules/@nestjs/core/router/router-proxy.js:9:17
[Nest] 68593  - 11/08/2025, 2:51:07 PM   ERROR [ExceptionsHandler] 
Invalid `this.prisma.user.findUnique()` invocation in
/Users/vini.mqs/Documents/tickrify_novo/apps/backend/src/modules/ai/ai.controller.ts:93:43

  90   @CurrentUser() user: { clerkUserId: string },
  91   @Query('limit') limit?: string,
  92 ) {
â†’ 93   const dbUser = await this.prisma.user.findUnique(
The column `User.plan` does not exist in the current database.
PrismaClientKnownRequestError: 
Invalid `this.prisma.user.findUnique()` invocation in
/Users/vini.mqs/Documents/tickrify_novo/apps/backend/src/modules/ai/ai.controller.ts:93:43

  90   @CurrentUser() user: { clerkUserId: string },
  91   @Query('limit') limit?: string,
  92 ) {
â†’ 93   const dbUser = await this.prisma.user.findUnique(
The column `User.plan` does not exist in the current database.
    at $n.handleRequestError (/Users/vini.mqs/Documents/tickrify_novo/node_modules/@prisma/client/runtime/library.js:121:7315)
    at $n.handleAndLogRequestError (/Users/vini.mqs/Documents/tickrify_novo/node_modules/@prisma/client/runtime/library.js:121:6623)
    at $n.request (/Users/vini.mqs/Documents/tickrify_novo/node_modules/@prisma/client/runtime/library.js:121:6307)
    at async l (/Users/vini.mqs/Documents/tickrify_novo/node_modules/@prisma/client/runtime/library.js:130:9633)
    at async AiController.listAnalyses (/Users/vini.mqs/Documents/tickrify_novo/apps/backend/src/modules/ai/ai.controller.ts:93:20)
    at async /Users/vini.mqs/Documents/tickrify_novo/node_modules/@nestjs/core/router/router-execution-context.js:46:28
    at async /Users/vini.mqs/Documents/tickrify_novo/node_modules/@nestjs/core/router/router-proxy.js:9:17
[Nest] 68593  - 11/08/2025, 2:51:07 PM   ERROR [ExceptionsHandler] 
Invalid `this.prisma.user.findUnique()` invocation in
/Users/vini.mqs/Documents/tickrify_novo/apps/backend/src/modules/ai/ai.controller.ts:93:43

  90   @CurrentUser() user: { clerkUserId: string },
  91   @Query('limit') limit?: string,
  92 ) {
â†’ 93   const dbUser = await this.prisma.user.findUnique(
The column `User.plan` does not exist in the current database.
PrismaClientKnownRequestError: 
Invalid `this.prisma.user.findUnique()` invocation in
/Users/vini.mqs/Documents/tickrify_novo/apps/backend/src/modules/ai/ai.controller.ts:93:43

  90   @CurrentUser() user: { clerkUserId: string },
  91   @Query('limit') limit?: string,
  92 ) {
â†’ 93   const dbUser = await this.prisma.user.findUnique(
The column `User.plan` does not exist in the current database.
    at $n.handleRequestError (/Users/vini.mqs/Documents/tickrify_novo/node_modules/@prisma/client/runtime/library.js:121:7315)
    at $n.handleAndLogRequestError (/Users/vini.mqs/Documents/tickrify_novo/node_modules/@prisma/client/runtime/library.js:121:6623)
    at $n.request (/Users/vini.mqs/Documents/tickrify_novo/node_modules/@prisma/client/runtime/library.js:121:6307)
    at async l (/Users/vini.mqs/Documents/tickrify_novo/node_modules/@prisma/client/runtime/library.js:130:9633)
    at async AiController.listAnalyses (/Users/vini.mqs/Documents/tickrify_novo/apps/backend/src/modules/ai/ai.controller.ts:93:20)
    at async /Users/vini.mqs/Documents/tickrify_novo/node_modules/@nestjs/core/router/router-execution-context.js:46:28
    at async /Users/vini.mqs/Documents/tickrify_novo/node_modules/@nestjs/core/router/router-proxy.js:9:17
[2J[3J[H[[90m11:43:03 PM[0m] File change detected. Starting incremental compilation...

[[90m11:43:06 PM[0m] Found 0 errors. Watching for file changes.

Starting October 8, 2024, the Node SDK is entering a three-month notice period. We encourage everyone to migrate to @clerk/express. For full details, please see our changelog: https://clerk.com/changelog/2024-10-08-express-sdk
[Nest] 50854  - 11/08/2025, 11:43:07 PM     LOG [NestFactory] Starting Nest application...
[Nest] 50854  - 11/08/2025, 11:43:07 PM     LOG [InstanceLoader] AppModule dependencies initialized +7ms
[Nest] 50854  - 11/08/2025, 11:43:07 PM     LOG [InstanceLoader] MulterModule dependencies initialized +1ms
[Nest] 50854  - 11/08/2025, 11:43:07 PM     LOG [InstanceLoader] DatabaseModule dependencies initialized +16ms
[Nest] 50854  - 11/08/2025, 11:43:07 PM     LOG [InstanceLoader] StorageModule dependencies initialized +0ms
[Nest] 50854  - 11/08/2025, 11:43:07 PM     LOG [InstanceLoader] ConfigHostModule dependencies initialized +13ms
[Nest] 50854  - 11/08/2025, 11:43:07 PM     LOG [InstanceLoader] ConfigModule dependencies initialized +1ms
[Nest] 50854  - 11/08/2025, 11:43:07 PM     LOG [InstanceLoader] PaymentsModule dependencies initialized +0ms
[Nest] 50854  - 11/08/2025, 11:43:07 PM     LOG [InstanceLoader] AuthModule dependencies initialized +0ms
[Nest] 50854  - 11/08/2025, 11:43:07 PM     LOG [InstanceLoader] PromptModule dependencies initialized +0ms
[Nest] 50854  - 11/08/2025, 11:43:07 PM     LOG [InstanceLoader] AiModule dependencies initialized +0ms
[Nest] 50854  - 11/08/2025, 11:43:08 PM     LOG [RoutesResolver] AuthController {/api/auth}: +208ms
[Nest] 50854  - 11/08/2025, 11:43:08 PM     LOG [RouterExplorer] Mapped {/api/auth/me, GET} route +1ms
[Nest] 50854  - 11/08/2025, 11:43:08 PM     LOG [RoutesResolver] StripeController {/stripe}: +0ms
[Nest] 50854  - 11/08/2025, 11:43:08 PM     LOG [RouterExplorer] Mapped {/stripe/create-checkout-session, POST} route +1ms
[Nest] 50854  - 11/08/2025, 11:43:08 PM     LOG [RouterExplorer] Mapped {/stripe/create-customer-portal, POST} route +0ms
[Nest] 50854  - 11/08/2025, 11:43:08 PM     LOG [RouterExplorer] Mapped {/stripe/cancel-subscription, POST} route +0ms
[Nest] 50854  - 11/08/2025, 11:43:08 PM     LOG [RouterExplorer] Mapped {/stripe/reactivate-subscription, POST} route +0ms
[Nest] 50854  - 11/08/2025, 11:43:08 PM     LOG [RouterExplorer] Mapped {/stripe/subscription, GET} route +0ms
[Nest] 50854  - 11/08/2025, 11:43:08 PM     LOG [RouterExplorer] Mapped {/stripe/webhook, POST} route +0ms
[Nest] 50854  - 11/08/2025, 11:43:08 PM     LOG [RoutesResolver] AiController {/api/ai}: +0ms
[Nest] 50854  - 11/08/2025, 11:43:08 PM     LOG [RouterExplorer] Mapped {/api/ai/analyze, POST} route +0ms
[Nest] 50854  - 11/08/2025, 11:43:08 PM     LOG [RouterExplorer] Mapped {/api/ai/analysis/:id, GET} route +0ms
[Nest] 50854  - 11/08/2025, 11:43:08 PM     LOG [RouterExplorer] Mapped {/api/ai/analyses, GET} route +0ms
[Nest] 50854  - 11/08/2025, 11:43:08 PM     LOG [RoutesResolver] PromptController {/api/prompts}: +0ms
[Nest] 50854  - 11/08/2025, 11:43:08 PM     LOG [RouterExplorer] Mapped {/api/prompts/config, POST} route +0ms
[Nest] 50854  - 11/08/2025, 11:43:08 PM     LOG [RouterExplorer] Mapped {/api/prompts/latest, GET} route +0ms
[Nest] 50854  - 11/08/2025, 11:43:08 PM     LOG [RouterExplorer] Mapped {/api/prompts/list, GET} route +0ms
[Nest] 50854  - 11/08/2025, 11:43:08 PM     LOG [RouterExplorer] Mapped {/api/prompts/:version, GET} route +1ms
[Nest] 50854  - 11/08/2025, 11:43:08 PM     LOG [RouterExplorer] Mapped {/api/prompts/:version/activate, POST} route +0ms
[Nest] 50854  - 11/08/2025, 11:43:08 PM     LOG [NestApplication] Nest application successfully started +456ms
ðŸš€ Backend running on http://localhost:3001
[2J[3J[H[[90m11:43:19 PM[0m] File change detected. Starting incremental compilation...

[96msrc/modules/ai/ai.service.ts[0m:[93m4[0m:[93m10[0m - [91merror[0m[90m TS2305: [0mModule '"./ai.queue"' has no exported member 'aiQueue'.

[7m4[0m import { aiQueue } from './ai.queue';
[7m [0m [91m         ~~~~~~~[0m

[[90m11:43:20 PM[0m] Found 1 error. Watching for file changes.

[2J[3J[H[[90m11:43:22 PM[0m] File change detected. Starting incremental compilation...

[96msrc/modules/ai/ai.service.ts[0m:[93m66[0m:[93m13[0m - [91merror[0m[90m TS2304: [0mCannot find name 'aiQueue'.

[7m66[0m       await aiQueue.add('process-analysis', {
[7m  [0m [91m            ~~~~~~~[0m

[[90m11:43:22 PM[0m] Found 1 error. Watching for file changes.

[2J[3J[H[[90m11:43:26 PM[0m] File change detected. Starting incremental compilation...

[[90m11:43:26 PM[0m] Found 0 errors. Watching for file changes.

Starting October 8, 2024, the Node SDK is entering a three-month notice period. We encourage everyone to migrate to @clerk/express. For full details, please see our changelog: https://clerk.com/changelog/2024-10-08-express-sdk
[Nest] 51090  - 11/08/2025, 11:43:27 PM     LOG [NestFactory] Starting Nest application...
[Nest] 51090  - 11/08/2025, 11:43:27 PM     LOG [InstanceLoader] AppModule dependencies initialized +7ms
[Nest] 51090  - 11/08/2025, 11:43:27 PM     LOG [InstanceLoader] MulterModule dependencies initialized +0ms
[Nest] 51090  - 11/08/2025, 11:43:27 PM     LOG [InstanceLoader] DatabaseModule dependencies initialized +12ms
[Nest] 51090  - 11/08/2025, 11:43:27 PM     LOG [InstanceLoader] StorageModule dependencies initialized +0ms
[Nest] 51090  - 11/08/2025, 11:43:27 PM     LOG [InstanceLoader] ConfigHostModule dependencies initialized +15ms
[Nest] 51090  - 11/08/2025, 11:43:27 PM     LOG [InstanceLoader] ConfigModule dependencies initialized +0ms
[Nest] 51090  - 11/08/2025, 11:43:27 PM     LOG [InstanceLoader] PaymentsModule dependencies initialized +0ms
[Nest] 51090  - 11/08/2025, 11:43:27 PM     LOG [InstanceLoader] AuthModule dependencies initialized +0ms
[Nest] 51090  - 11/08/2025, 11:43:27 PM     LOG [InstanceLoader] PromptModule dependencies initialized +0ms
[Nest] 51090  - 11/08/2025, 11:43:27 PM     LOG [InstanceLoader] AiModule dependencies initialized +0ms
[Nest] 51090  - 11/08/2025, 11:43:27 PM     LOG [RoutesResolver] AuthController {/api/auth}: +156ms
[Nest] 51090  - 11/08/2025, 11:43:27 PM     LOG [RouterExplorer] Mapped {/api/auth/me, GET} route +2ms
[Nest] 51090  - 11/08/2025, 11:43:27 PM     LOG [RoutesResolver] StripeController {/stripe}: +0ms
[Nest] 51090  - 11/08/2025, 11:43:27 PM     LOG [RouterExplorer] Mapped {/stripe/create-checkout-session, POST} route +0ms
[Nest] 51090  - 11/08/2025, 11:43:27 PM     LOG [RouterExplorer] Mapped {/stripe/create-customer-portal, POST} route +0ms
[Nest] 51090  - 11/08/2025, 11:43:27 PM     LOG [RouterExplorer] Mapped {/stripe/cancel-subscription, POST} route +0ms
[Nest] 51090  - 11/08/2025, 11:43:27 PM     LOG [RouterExplorer] Mapped {/stripe/reactivate-subscription, POST} route +0ms
[Nest] 51090  - 11/08/2025, 11:43:27 PM     LOG [RouterExplorer] Mapped {/stripe/subscription, GET} route +1ms
[Nest] 51090  - 11/08/2025, 11:43:27 PM     LOG [RouterExplorer] Mapped {/stripe/webhook, POST} route +0ms
[Nest] 51090  - 11/08/2025, 11:43:27 PM     LOG [RoutesResolver] AiController {/api/ai}: +0ms
[Nest] 51090  - 11/08/2025, 11:43:27 PM     LOG [RouterExplorer] Mapped {/api/ai/analyze, POST} route +0ms
[Nest] 51090  - 11/08/2025, 11:43:27 PM     LOG [RouterExplorer] Mapped {/api/ai/analysis/:id, GET} route +0ms
[Nest] 51090  - 11/08/2025, 11:43:27 PM     LOG [RouterExplorer] Mapped {/api/ai/analyses, GET} route +0ms
[Nest] 51090  - 11/08/2025, 11:43:27 PM     LOG [RoutesResolver] PromptController {/api/prompts}: +0ms
[Nest] 51090  - 11/08/2025, 11:43:27 PM     LOG [RouterExplorer] Mapped {/api/prompts/config, POST} route +0ms
[Nest] 51090  - 11/08/2025, 11:43:27 PM     LOG [RouterExplorer] Mapped {/api/prompts/latest, GET} route +0ms
[Nest] 51090  - 11/08/2025, 11:43:27 PM     LOG [RouterExplorer] Mapped {/api/prompts/list, GET} route +0ms
[Nest] 51090  - 11/08/2025, 11:43:27 PM     LOG [RouterExplorer] Mapped {/api/prompts/:version, GET} route +0ms
[Nest] 51090  - 11/08/2025, 11:43:27 PM     LOG [RouterExplorer] Mapped {/api/prompts/:version/activate, POST} route +0ms
[Nest] 51090  - 11/08/2025, 11:43:28 PM     LOG [NestApplication] Nest application successfully started +361ms
ðŸš€ Backend running on http://localhost:3001
[2J[3J[H[[90m10:58:47 PM[0m] File change detected. Starting incremental compilation...

[[90m10:58:49 PM[0m] Found 0 errors. Watching for file changes.

[2J[3J[H[[90m12:17:35 AM[0m] File change detected. Starting incremental compilation...

[96msrc/modules/auth/auth.guard.ts[0m:[93m2[0m:[93m29[0m - [91merror[0m[90m TS2307: [0mCannot find module '@clerk/express' or its corresponding type declarations.

[7m2[0m import { verifyToken } from '@clerk/express';
[7m [0m [91m                            ~~~~~~~~~~~~~~~~[0m

[[90m12:17:38 AM[0m] Found 1 error. Watching for file changes.

[2J[3J[H[[90m12:40:53 AM[0m] File change detected. Starting incremental compilation...

[[90m10:41:22 AM[0m] Found 0 errors. Watching for file changes.

[2J[3J[H[[90m10:41:22 AM[0m] File change detected. Starting incremental compilation...

[[90m10:41:23 AM[0m] Found 0 errors. Watching for file changes.

[2J[3J[H[[90m10:41:33 AM[0m] File change detected. Starting incremental compilation...

[[90m10:41:33 AM[0m] Found 0 errors. Watching for file changes.

/Users/vini.mqs/Documents/tickrify_novo/node_modules/@nestjs/core/adapters/index.js:4
tslib_1.__exportStar(require("./http-adapter"), exports);
        ^

TypeError: tslib_1.__exportStar is not a function
    at Object.<anonymous> (/Users/vini.mqs/Documents/tickrify_novo/node_modules/@nestjs/core/adapters/index.js:4:9)
    at Module._compile (node:internal/modules/cjs/loader:1760:14)
    at Object..js (node:internal/modules/cjs/loader:1893:10)
    at Module.load (node:internal/modules/cjs/loader:1480:32)
    at Module._load (node:internal/modules/cjs/loader:1299:12)
    at TracingChannel.traceSync (node:diagnostics_channel:328:14)
    at wrapModuleLoad (node:internal/modules/cjs/loader:244:24)
    at Module.require (node:internal/modules/cjs/loader:1503:12)
    at require (node:internal/modules/helpers:152:16)
    at Object.<anonymous> (/Users/vini.mqs/Documents/tickrify_novo/node_modules/@nestjs/core/index.js:12:22)

Node.js v24.11.0
[2J[3J[H[[90m10:45:23 AM[0m] File change detected. Starting incremental compilation...

[[90m10:45:24 AM[0m] Found 0 errors. Watching for file changes.

[2J[3J[H[[90m10:45:46 AM[0m] File change detected. Starting incremental compilation...

[[90m10:45:47 AM[0m] Found 0 errors. Watching for file changes.

/Users/vini.mqs/Documents/tickrify_novo/node_modules/@aws-sdk/middleware-sdk-s3/dist-cjs/index.js:277
class SignatureV4S3Express extends signatureV4.SignatureV4 {
                                               ^

TypeError: Class extends value undefined is not a constructor or null
    at Object.<anonymous> (/Users/vini.mqs/Documents/tickrify_novo/node_modules/@aws-sdk/middleware-sdk-s3/dist-cjs/index.js:277:48)
    at Module._compile (node:internal/modules/cjs/loader:1760:14)
    at Object..js (node:internal/modules/cjs/loader:1893:10)
    at Module.load (node:internal/modules/cjs/loader:1480:32)
    at Module._load (node:internal/modules/cjs/loader:1299:12)
    at TracingChannel.traceSync (node:diagnostics_channel:328:14)
    at wrapModuleLoad (node:internal/modules/cjs/loader:244:24)
    at Module.require (node:internal/modules/cjs/loader:1503:12)
    at require (node:internal/modules/helpers:152:16)
    at Object.<anonymous> (/Users/vini.mqs/Documents/tickrify_novo/node_modules/@aws-sdk/client-s3/dist-cjs/index.js:8:23)

Node.js v24.11.0
[2J[3J[H[[90m3:19:26 PM[0m] File change detected. Starting incremental compilation...

[[90m3:19:27 PM[0m] Found 0 errors. Watching for file changes.

[2J[3J[H[[90m3:20:13 PM[0m] File change detected. Starting incremental compilation...

[[90m3:20:13 PM[0m] Found 0 errors. Watching for file changes.

[2J[3J[H[[90m3:25:45 PM[0m] File change detected. Starting incremental compilation...

[[90m3:25:46 PM[0m] Found 0 errors. Watching for file changes.

[2J[3J[H[[90m3:26:50 PM[0m] File change detected. Starting incremental compilation...

[[90m3:26:51 PM[0m] Found 0 errors. Watching for file changes.

[2J[3J[H[[90m3:32:50 PM[0m] File change detected. Starting incremental compilation...

[[90m3:32:50 PM[0m] Found 0 errors. Watching for file changes.

[2J[3J[H[[90m3:32:54 PM[0m] File change detected. Starting incremental compilation...

[96msrc/modules/ai/ai.controller.ts[0m:[93m30[0m:[93m27[0m - [91merror[0m[90m TS2503: [0mCannot find namespace 'Express'.

[7m30[0m     @UploadedFile() file: Express.Multer.File,
[7m  [0m [91m                          ~~~~~~~[0m

[96msrc/modules/ai/ai.service.ts[0m:[93m15[0m:[93m17[0m - [91merror[0m[90m TS2503: [0mCannot find namespace 'Express'.

[7m15[0m     imageFile?: Express.Multer.File,
[7m  [0m [91m                ~~~~~~~[0m

[96msrc/modules/storage/local.service.ts[0m:[93m24[0m:[93m27[0m - [91merror[0m[90m TS2503: [0mCannot find namespace 'Express'.

[7m24[0m   async uploadImage(file: Express.Multer.File, userId: string): Promise<string> {
[7m  [0m [91m                          ~~~~~~~[0m

[96msrc/modules/storage/s3.service.ts[0m:[93m21[0m:[93m27[0m - [91merror[0m[90m TS2503: [0mCannot find namespace 'Express'.

[7m21[0m   async uploadImage(file: Express.Multer.File, userId: string): Promise<string> {
[7m  [0m [91m                          ~~~~~~~[0m

[96msrc/vercel.ts[0m:[93m6[0m:[93m21[0m - [91merror[0m[90m TS2307: [0mCannot find module 'express' or its corresponding type declarations.

[7m6[0m import express from 'express';
[7m [0m [91m                    ~~~~~~~~~[0m

[[90m3:32:54 PM[0m] Found 5 errors. Watching for file changes.

[2J[3J[H[[90m3:32:57 PM[0m] File change detected. Starting incremental compilation...

[91merror[0m[90m TS2318: [0mCannot find global type 'Boolean'.

[91merror[0m[90m TS2318: [0mCannot find global type 'Function'.

[91merror[0m[90m TS2318: [0mCannot find global type 'IArguments'.

[91merror[0m[90m TS2318: [0mCannot find global type 'Number'.

[91merror[0m[90m TS2318: [0mCannot find global type 'Object'.

[91merror[0m[90m TS2318: [0mCannot find global type 'RegExp'.

[91merror[0m[90m TS6053: [0mFile '/Users/vini.mqs/Documents/tickrify_novo/node_modules/typescript/lib/lib.es2021.full.d.ts' not found.
  The file is in the program because:
    Default library for target 'es2021'

[[90m3:32:57 PM[0m] Found 7 errors. Watching for file changes.

[2J[3J[H[[90m3:32:59 PM[0m] File change detected. Starting incremental compilation...

[91merror[0m[90m TS2318: [0mCannot find global type 'Boolean'.

[91merror[0m[90m TS2318: [0mCannot find global type 'Function'.

[91merror[0m[90m TS2318: [0mCannot find global type 'IArguments'.

[91merror[0m[90m TS2318: [0mCannot find global type 'Number'.

[91merror[0m[90m TS2318: [0mCannot find global type 'Object'.

[91merror[0m[90m TS2318: [0mCannot find global type 'RegExp'.

[91merror[0m[90m TS6053: [0mFile '/Users/vini.mqs/Documents/tickrify_novo/node_modules/typescript/lib/lib.es2021.full.d.ts' not found.
  The file is in the program because:
    Default library for target 'es2021'

[[90m3:32:59 PM[0m] Found 7 errors. Watching for file changes.

[2J[3J[H[[90m3:33:00 PM[0m] File change detected. Starting incremental compilation...

[91merror[0m[90m TS2318: [0mCannot find global type 'Boolean'.

[91merror[0m[90m TS2318: [0mCannot find global type 'Function'.

[91merror[0m[90m TS2318: [0mCannot find global type 'IArguments'.

[91merror[0m[90m TS2318: [0mCannot find global type 'Number'.

[91merror[0m[90m TS2318: [0mCannot find global type 'Object'.

[91merror[0m[90m TS2318: [0mCannot find global type 'RegExp'.

[91merror[0m[90m TS6053: [0mFile '/Users/vini.mqs/Documents/tickrify_novo/node_modules/typescript/lib/lib.es2021.full.d.ts' not found.
  The file is in the program because:
    Default library for target 'es2021'

[[90m3:33:00 PM[0m] Found 7 errors. Watching for file changes.

[2J[3J[H[[90m3:33:01 PM[0m] File change detected. Starting incremental compilation...

[91merror[0m[90m TS2318: [0mCannot find global type 'Array'.

[91merror[0m[90m TS2318: [0mCannot find global type 'Boolean'.

[91merror[0m[90m TS2318: [0mCannot find global type 'Function'.

[91merror[0m[90m TS2318: [0mCannot find global type 'IArguments'.

[91merror[0m[90m TS2318: [0mCannot find global type 'Number'.

[91merror[0m[90m TS2318: [0mCannot find global type 'Object'.

[91merror[0m[90m TS2318: [0mCannot find global type 'RegExp'.

[91merror[0m[90m TS2318: [0mCannot find global type 'String'.

[91merror[0m[90m TS6053: [0mFile '/Users/vini.mqs/Documents/tickrify_novo/node_modules/typescript/lib/lib.es2021.full.d.ts' not found.
  The file is in the program because:
    Default library for target 'es2021'

[[90m3:33:02 PM[0m] Found 9 errors. Watching for file changes.

[2J[3J[H[[90m3:34:05 PM[0m] File change detected. Starting incremental compilation...

[91merror[0m[90m TS2318: [0mCannot find global type 'Array'.

[91merror[0m[90m TS2318: [0mCannot find global type 'Boolean'.

[91merror[0m[90m TS2318: [0mCannot find global type 'Function'.

[91merror[0m[90m TS2318: [0mCannot find global type 'IArguments'.

[91merror[0m[90m TS2318: [0mCannot find global type 'Number'.

[91merror[0m[90m TS2318: [0mCannot find global type 'Object'.

[91merror[0m[90m TS2318: [0mCannot find global type 'RegExp'.

[91merror[0m[90m TS2318: [0mCannot find global type 'String'.

[91merror[0m[90m TS2688: [0mCannot find type definition file for 'babel__core'.
  The file is in the program because:
    Entry point for implicit type library 'babel__core'

[91merror[0m[90m TS2688: [0mCannot find type definition file for 'babel__generator'.
  The file is in the program because:
    Entry point for implicit type library 'babel__generator'

[91merror[0m[90m TS2688: [0mCannot find type definition file for 'babel__template'.
  The file is in the program because:
    Entry point for implicit type library 'babel__template'

[91merror[0m[90m TS2688: [0mCannot find type definition file for 'babel__traverse'.
  The file is in the program because:
    Entry point for implicit type library 'babel__traverse'

[91merror[0m[90m TS2688: [0mCannot find type definition file for 'body-parser'.
  The file is in the program because:
    Entry point for implicit type library 'body-parser'

[91merror[0m[90m TS2688: [0mCannot find type definition file for 'connect'.
  The file is in the program because:
    Entry point for implicit type library 'connect'

[91merror[0m[90m TS2688: [0mCannot find type definition file for 'cookiejar'.
  The file is in the program because:
    Entry point for implicit type library 'cookiejar'

[91merror[0m[90m TS2688: [0mCannot find type definition file for 'd3-array'.
  The file is in the program because:
    Entry point for implicit type library 'd3-array'

[91merror[0m[90m TS2688: [0mCannot find type definition file for 'd3-color'.
  The file is in the program because:
    Entry point for implicit type library 'd3-color'

[91merror[0m[90m TS2688: [0mCannot find type definition file for 'd3-ease'.
  The file is in the program because:
    Entry point for implicit type library 'd3-ease'

[91merror[0m[90m TS2688: [0mCannot find type definition file for 'd3-interpolate'.
  The file is in the program because:
    Entry point for implicit type library 'd3-interpolate'

[91merror[0m[90m TS2688: [0mCannot find type definition file for 'd3-path'.
  The file is in the program because:
    Entry point for implicit type library 'd3-path'

[91merror[0m[90m TS2688: [0mCannot find type definition file for 'd3-scale'.
  The file is in the program because:
    Entry point for implicit type library 'd3-scale'

[91merror[0m[90m TS2688: [0mCannot find type definition file for 'd3-shape'.
  The file is in the program because:
    Entry point for implicit type library 'd3-shape'

[91merror[0m[90m TS2688: [0mCannot find type definition file for 'd3-time'.
  The file is in the program because:
    Entry point for implicit type library 'd3-time'

[91merror[0m[90m TS2688: [0mCannot find type definition file for 'd3-timer'.
  The file is in the program because:
    Entry point for implicit type library 'd3-timer'

[91merror[0m[90m TS2688: [0mCannot find type definition file for 'eslint'.
  The file is in the program because:
    Entry point for implicit type library 'eslint'

[91merror[0m[90m TS2688: [0mCannot find type definition file for 'eslint-scope'.
  The file is in the program because:
    Entry point for implicit type library 'eslint-scope'

[91merror[0m[90m TS2688: [0mCannot find type definition file for 'estree'.
  The file is in the program because:
    Entry point for implicit type library 'estree'

[91merror[0m[90m TS2688: [0mCannot find type definition file for 'express'.
  The file is in the program because:
    Entry point for implicit type library 'express'

[91merror[0m[90m TS2688: [0mCannot find type definition file for 'express-serve-static-core'.
  The file is in the program because:
    Entry point for implicit type library 'express-serve-static-core'

[91merror[0m[90m TS2688: [0mCannot find type definition file for 'graceful-fs'.
  The file is in the program because:
    Entry point for implicit type library 'graceful-fs'

[91merror[0m[90m TS2688: [0mCannot find type definition file for 'http-errors'.
  The file is in the program because:
    Entry point for implicit type library 'http-errors'

[91merror[0m[90m TS2688: [0mCannot find type definition file for 'istanbul-lib-coverage'.
  The file is in the program because:
    Entry point for implicit type library 'istanbul-lib-coverage'

[91merror[0m[90m TS2688: [0mCannot find type definition file for 'istanbul-lib-report'.
  The file is in the program because:
    Entry point for implicit type library 'istanbul-lib-report'

[91merror[0m[90m TS2688: [0mCannot find type definition file for 'istanbul-reports'.
  The file is in the program because:
    Entry point for implicit type library 'istanbul-reports'

[91merror[0m[90m TS2688: [0mCannot find type definition file for 'jest'.
  The file is in the program because:
    Entry point for implicit type library 'jest'

[91merror[0m[90m TS2688: [0mCannot find type definition file for 'json-schema'.
  The file is in the program because:
    Entry point for implicit type library 'json-schema'

[91merror[0m[90m TS2688: [0mCannot find type definition file for 'methods'.
  The file is in the program because:
    Entry point for implicit type library 'methods'

[91merror[0m[90m TS2688: [0mCannot find type definition file for 'mime'.
  The file is in the program because:
    Entry point for implicit type library 'mime'

[91merror[0m[90m TS2688: [0mCannot find type definition file for 'multer'.
  The file is in the program because:
    Entry point for implicit type library 'multer'

[91merror[0m[90m TS2688: [0mCannot find type definition file for 'node'.
  The file is in the program because:
    Entry point for implicit type library 'node'

[91merror[0m[90m TS2688: [0mCannot find type definition file for 'node-fetch'.
  The file is in the program because:
    Entry point for implicit type library 'node-fetch'

[91merror[0m[90m TS2688: [0mCannot find type definition file for 'phoenix'.
  The file is in the program because:
    Entry point for implicit type library 'phoenix'

[91merror[0m[90m TS2688: [0mCannot find type definition file for 'qs'.
  The file is in the program because:
    Entry point for implicit type library 'qs'

[91merror[0m[90m TS2688: [0mCannot find type definition file for 'range-parser'.
  The file is in the program because:
    Entry point for implicit type library 'range-parser'

[91merror[0m[90m TS2688: [0mCannot find type definition file for 'react'.
  The file is in the program because:
    Entry point for implicit type library 'react'

[91merror[0m[90m TS2688: [0mCannot find type definition file for 'react-dom'.
  The file is in the program because:
    Entry point for implicit type library 'react-dom'

[91merror[0m[90m TS2688: [0mCannot find type definition file for 'semver'.
  The file is in the program because:
    Entry point for implicit type library 'semver'

[91merror[0m[90m TS2688: [0mCannot find type definition file for 'send'.
  The file is in the program because:
    Entry point for implicit type library 'send'

[91merror[0m[90m TS2688: [0mCannot find type definition file for 'serve-static'.
  The file is in the program because:
    Entry point for implicit type library 'serve-static'

[91merror[0m[90m TS2688: [0mCannot find type definition file for 'stack-utils'.
  The file is in the program because:
    Entry point for implicit type library 'stack-utils'

[91merror[0m[90m TS2688: [0mCannot find type definition file for 'superagent'.
  The file is in the program because:
    Entry point for implicit type library 'superagent'

[91merror[0m[90m TS2688: [0mCannot find type definition file for 'supertest'.
  The file is in the program because:
    Entry point for implicit type library 'supertest'

[91merror[0m[90m TS2688: [0mCannot find type definition file for 'uuid'.
  The file is in the program because:
    Entry point for implicit type library 'uuid'

[91merror[0m[90m TS2688: [0mCannot find type definition file for 'yargs'.
  The file is in the program because:
    Entry point for implicit type library 'yargs'

[91merror[0m[90m TS2688: [0mCannot find type definition file for 'yargs-parser'.
  The file is in the program because:
    Entry point for implicit type library 'yargs-parser'

[91merror[0m[90m TS6053: [0mFile '/Users/vini.mqs/Documents/tickrify_novo/node_modules/typescript/lib/lib.es2021.full.d.ts' not found.
  The file is in the program because:
    Default library for target 'es2021'

[[90m3:34:05 PM[0m] Found 56 errors. Watching for file changes.

[2J[3J[H[[90m3:34:09 PM[0m] File change detected. Starting incremental compilation...

[91merror[0m[90m TS2318: [0mCannot find global type 'Array'.

[91merror[0m[90m TS2318: [0mCannot find global type 'Boolean'.

[91merror[0m[90m TS2318: [0mCannot find global type 'Function'.

[91merror[0m[90m TS2318: [0mCannot find global type 'IArguments'.

[91merror[0m[90m TS2318: [0mCannot find global type 'Number'.

[91merror[0m[90m TS2318: [0mCannot find global type 'Object'.

[91merror[0m[90m TS2318: [0mCannot find global type 'RegExp'.

[91merror[0m[90m TS2318: [0mCannot find global type 'String'.

[91merror[0m[90m TS2688: [0mCannot find type definition file for 'babel__core'.
  The file is in the program because:
    Entry point for implicit type library 'babel__core'

[91merror[0m[90m TS2688: [0mCannot find type definition file for 'babel__generator'.
  The file is in the program because:
    Entry point for implicit type library 'babel__generator'

[91merror[0m[90m TS2688: [0mCannot find type definition file for 'babel__template'.
  The file is in the program because:
    Entry point for implicit type library 'babel__template'

[91merror[0m[90m TS2688: [0mCannot find type definition file for 'babel__traverse'.
  The file is in the program because:
    Entry point for implicit type library 'babel__traverse'

[91merror[0m[90m TS2688: [0mCannot find type definition file for 'body-parser'.
  The file is in the program because:
    Entry point for implicit type library 'body-parser'

[91merror[0m[90m TS2688: [0mCannot find type definition file for 'connect'.
  The file is in the program because:
    Entry point for implicit type library 'connect'

[91merror[0m[90m TS2688: [0mCannot find type definition file for 'cookiejar'.
  The file is in the program because:
    Entry point for implicit type library 'cookiejar'

[91merror[0m[90m TS2688: [0mCannot find type definition file for 'd3-array'.
  The file is in the program because:
    Entry point for implicit type library 'd3-array'

[91merror[0m[90m TS2688: [0mCannot find type definition file for 'd3-color'.
  The file is in the program because:
    Entry point for implicit type library 'd3-color'

[91merror[0m[90m TS2688: [0mCannot find type definition file for 'd3-ease'.
  The file is in the program because:
    Entry point for implicit type library 'd3-ease'

[91merror[0m[90m TS2688: [0mCannot find type definition file for 'd3-interpolate'.
  The file is in the program because:
    Entry point for implicit type library 'd3-interpolate'

[91merror[0m[90m TS2688: [0mCannot find type definition file for 'd3-path'.
  The file is in the program because:
    Entry point for implicit type library 'd3-path'

[91merror[0m[90m TS2688: [0mCannot find type definition file for 'd3-scale'.
  The file is in the program because:
    Entry point for implicit type library 'd3-scale'

[91merror[0m[90m TS2688: [0mCannot find type definition file for 'd3-shape'.
  The file is in the program because:
    Entry point for implicit type library 'd3-shape'

[91merror[0m[90m TS2688: [0mCannot find type definition file for 'd3-time'.
  The file is in the program because:
    Entry point for implicit type library 'd3-time'

[91merror[0m[90m TS2688: [0mCannot find type definition file for 'd3-timer'.
  The file is in the program because:
    Entry point for implicit type library 'd3-timer'

[91merror[0m[90m TS2688: [0mCannot find type definition file for 'eslint'.
  The file is in the program because:
    Entry point for implicit type library 'eslint'

[91merror[0m[90m TS2688: [0mCannot find type definition file for 'eslint-scope'.
  The file is in the program because:
    Entry point for implicit type library 'eslint-scope'

[91merror[0m[90m TS2688: [0mCannot find type definition file for 'estree'.
  The file is in the program because:
    Entry point for implicit type library 'estree'

[91merror[0m[90m TS2688: [0mCannot find type definition file for 'express'.
  The file is in the program because:
    Entry point for implicit type library 'express'

[91merror[0m[90m TS2688: [0mCannot find type definition file for 'express-serve-static-core'.
  The file is in the program because:
    Entry point for implicit type library 'express-serve-static-core'

[91merror[0m[90m TS2688: [0mCannot find type definition file for 'graceful-fs'.
  The file is in the program because:
    Entry point for implicit type library 'graceful-fs'

[91merror[0m[90m TS2688: [0mCannot find type definition file for 'http-errors'.
  The file is in the program because:
    Entry point for implicit type library 'http-errors'

[91merror[0m[90m TS2688: [0mCannot find type definition file for 'istanbul-lib-coverage'.
  The file is in the program because:
    Entry point for implicit type library 'istanbul-lib-coverage'

[91merror[0m[90m TS2688: [0mCannot find type definition file for 'istanbul-lib-report'.
  The file is in the program because:
    Entry point for implicit type library 'istanbul-lib-report'

[91merror[0m[90m TS2688: [0mCannot find type definition file for 'istanbul-reports'.
  The file is in the program because:
    Entry point for implicit type library 'istanbul-reports'

[91merror[0m[90m TS2688: [0mCannot find type definition file for 'jest'.
  The file is in the program because:
    Entry point for implicit type library 'jest'

[91merror[0m[90m TS2688: [0mCannot find type definition file for 'json-schema'.
  The file is in the program because:
    Entry point for implicit type library 'json-schema'

[91merror[0m[90m TS2688: [0mCannot find type definition file for 'methods'.
  The file is in the program because:
    Entry point for implicit type library 'methods'

[91merror[0m[90m TS2688: [0mCannot find type definition file for 'mime'.
  The file is in the program because:
    Entry point for implicit type library 'mime'

[91merror[0m[90m TS2688: [0mCannot find type definition file for 'multer'.
  The file is in the program because:
    Entry point for implicit type library 'multer'

[91merror[0m[90m TS2688: [0mCannot find type definition file for 'node'.
  The file is in the program because:
    Entry point for implicit type library 'node'

[91merror[0m[90m TS2688: [0mCannot find type definition file for 'node-fetch'.
  The file is in the program because:
    Entry point for implicit type library 'node-fetch'

[91merror[0m[90m TS2688: [0mCannot find type definition file for 'phoenix'.
  The file is in the program because:
    Entry point for implicit type library 'phoenix'

[91merror[0m[90m TS2688: [0mCannot find type definition file for 'qs'.
  The file is in the program because:
    Entry point for implicit type library 'qs'

[91merror[0m[90m TS2688: [0mCannot find type definition file for 'range-parser'.
  The file is in the program because:
    Entry point for implicit type library 'range-parser'

[91merror[0m[90m TS2688: [0mCannot find type definition file for 'react'.
  The file is in the program because:
    Entry point for implicit type library 'react'

[91merror[0m[90m TS2688: [0mCannot find type definition file for 'react-dom'.
  The file is in the program because:
    Entry point for implicit type library 'react-dom'

[91merror[0m[90m TS2688: [0mCannot find type definition file for 'semver'.
  The file is in the program because:
    Entry point for implicit type library 'semver'

[91merror[0m[90m TS2688: [0mCannot find type definition file for 'send'.
  The file is in the program because:
    Entry point for implicit type library 'send'

[91merror[0m[90m TS2688: [0mCannot find type definition file for 'serve-static'.
  The file is in the program because:
    Entry point for implicit type library 'serve-static'

[91merror[0m[90m TS2688: [0mCannot find type definition file for 'stack-utils'.
  The file is in the program because:
    Entry point for implicit type library 'stack-utils'

[91merror[0m[90m TS2688: [0mCannot find type definition file for 'superagent'.
  The file is in the program because:
    Entry point for implicit type library 'superagent'

[91merror[0m[90m TS2688: [0mCannot find type definition file for 'supertest'.
  The file is in the program because:
    Entry point for implicit type library 'supertest'

[91merror[0m[90m TS2688: [0mCannot find type definition file for 'uuid'.
  The file is in the program because:
    Entry point for implicit type library 'uuid'

[91merror[0m[90m TS2688: [0mCannot find type definition file for 'yargs'.
  The file is in the program because:
    Entry point for implicit type library 'yargs'

[91merror[0m[90m TS2688: [0mCannot find type definition file for 'yargs-parser'.
  The file is in the program because:
    Entry point for implicit type library 'yargs-parser'

[91merror[0m[90m TS6053: [0mFile '/Users/vini.mqs/Documents/tickrify_novo/node_modules/typescript/lib/lib.es2021.full.d.ts' not found.
  The file is in the program because:
    Default library for target 'es2021'

[[90m3:34:10 PM[0m] Found 56 errors. Watching for file changes.

[2J[3J[H[[90m3:34:11 PM[0m] File change detected. Starting incremental compilation...

[91merror[0m[90m TS2552: [0mCannot find name 'Boolean'. Did you mean 'GLboolean'?

[91merror[0m[90m TS2318: [0mCannot find global type 'Number'.

[91merror[0m[90m TS2318: [0mCannot find global type 'Object'.

[[90m3:34:12 PM[0m] Found 3 errors. Watching for file changes.

[2J[3J[H[[90m3:34:18 PM[0m] File change detected. Starting incremental compilation...

[91merror[0m[90m TS2552: [0mCannot find name 'Boolean'. Did you mean 'GLboolean'?

[91merror[0m[90m TS2318: [0mCannot find global type 'Number'.

[91merror[0m[90m TS2318: [0mCannot find global type 'Object'.

[[90m3:34:19 PM[0m] Found 3 errors. Watching for file changes.

[2J[3J[H[[90m3:34:23 PM[0m] File change detected. Starting incremental compilation...

[91merror[0m[90m TS2552: [0mCannot find name 'Boolean'. Did you mean 'GLboolean'?

[91merror[0m[90m TS2318: [0mCannot find global type 'Number'.

[91merror[0m[90m TS2318: [0mCannot find global type 'Object'.

[[90m3:34:23 PM[0m] Found 3 errors. Watching for file changes.

[2J[3J[H[[90m3:34:24 PM[0m] File change detected. Starting incremental compilation...

[91merror[0m[90m TS2552: [0mCannot find name 'Boolean'. Did you mean 'GLboolean'?

[91merror[0m[90m TS2318: [0mCannot find global type 'Number'.

[91merror[0m[90m TS2318: [0mCannot find global type 'Object'.

[[90m3:34:24 PM[0m] Found 3 errors. Watching for file changes.

[2J[3J[H[[90m3:36:31 PM[0m] File change detected. Starting incremental compilation...

[91merror[0m[90m TS2552: [0mCannot find name 'Boolean'. Did you mean 'GLboolean'?

[91merror[0m[90m TS2318: [0mCannot find global type 'Number'.

[91merror[0m[90m TS2318: [0mCannot find global type 'Object'.

[[90m3:36:32 PM[0m] Found 3 errors. Watching for file changes.

node:fs:440
    return binding.readFileUtf8(path, stringToFlags(options.flag));
                   ^

Error: ECANCELED: operation canceled, read
    at Object.readFileSync (node:fs:440:20)
    at defaultLoadImpl (node:internal/modules/cjs/loader:1138:17)
    at loadSource (node:internal/modules/cjs/loader:1787:20)
    at Object..js (node:internal/modules/cjs/loader:1886:44)
    at Module.load (node:internal/modules/cjs/loader:1480:32)
    at Module._load (node:internal/modules/cjs/loader:1299:12)
    at TracingChannel.traceSync (node:diagnostics_channel:328:14)
    at wrapModuleLoad (node:internal/modules/cjs/loader:244:24)
    at Module.require (node:internal/modules/cjs/loader:1503:12)
    at require (node:internal/modules/helpers:152:16) {
  errno: -89,
  code: 'ECANCELED',
  syscall: 'read'
}

Node.js v24.11.0
[2J[3J[H[[90m3:38:13 PM[0m] File change detected. Starting incremental compilation...

[91merror[0m[90m TS2552: [0mCannot find name 'Boolean'. Did you mean 'GLboolean'?

[91merror[0m[90m TS2318: [0mCannot find global type 'Number'.

[91merror[0m[90m TS2318: [0mCannot find global type 'Object'.

[[90m3:38:13 PM[0m] Found 3 errors. Watching for file changes.

[2J[3J[H[[90m3:38:14 PM[0m] File change detected. Starting incremental compilation...

[91merror[0m[90m TS2552: [0mCannot find name 'Boolean'. Did you mean 'GLboolean'?

[91merror[0m[90m TS2318: [0mCannot find global type 'Number'.

[91merror[0m[90m TS2318: [0mCannot find global type 'Object'.

[[90m3:38:14 PM[0m] Found 3 errors. Watching for file changes.

[2J[3J[H[[90m4:08:26 PM[0m] File change detected. Starting incremental compilation...

[91merror[0m[90m TS2552: [0mCannot find name 'Boolean'. Did you mean 'GLboolean'?

[91merror[0m[90m TS2318: [0mCannot find global type 'Number'.

[91merror[0m[90m TS2318: [0mCannot find global type 'Object'.

[[90m4:08:28 PM[0m] Found 3 errors. Watching for file changes.

[2J[3J[H[[90m4:11:52 PM[0m] File change detected. Starting incremental compilation...

[91merror[0m[90m TS2318: [0mCannot find global type 'Boolean'.

[91merror[0m[90m TS2318: [0mCannot find global type 'Number'.

[91merror[0m[90m TS2318: [0mCannot find global type 'Object'.

[[90m4:11:53 PM[0m] Found 3 errors. Watching for file changes.

[2J[3J[H[[90m4:14:01 PM[0m] File change detected. Starting incremental compilation...

[91merror[0m[90m TS2318: [0mCannot find global type 'Boolean'.

[91merror[0m[90m TS2318: [0mCannot find global type 'Number'.

[91merror[0m[90m TS2318: [0mCannot find global type 'Object'.

[[90m4:14:01 PM[0m] Found 3 errors. Watching for file changes.

